<?xml version="1.0" encoding="UTF-8"?>
<testng-results skipped="0" failed="0" ignored="0" total="1" passed="1">
  <reporter-output>
  </reporter-output>
  <suite name="Default suite" duration-ms="40613" started-at="2020-05-21T21:48:44 IST" finished-at="2020-05-21T21:49:25 IST">
    <groups>
    </groups>
    <test name="Default test" duration-ms="40613" started-at="2020-05-21T21:48:44 IST" finished-at="2020-05-21T21:49:25 IST">
      <class name="com.adactin.integration.AdactinIntegration">
        <test-method status="PASS" signature="sample()[pri:0, instance:com.adactin.integration.AdactinIntegration@3fd7a715]" name="sample" duration-ms="40429" started-at="2020-05-21T21:48:44 IST" finished-at="2020-05-21T21:49:25 IST">
          <reporter-output>
          </reporter-output>
        </test-method> <!-- sample -->
      </class> <!-- com.adactin.integration.AdactinIntegration -->
    </test> <!-- Default test -->
  </suite> <!-- Default suite -->
</testng-results>
